BNNode b:
  value: false
  parents: (none)
  children: a
  CPT: 0.001
BNNode e:
  EVIDENCE
  value: true
  parents: (none)
  children: a
  CPT: 0.002
BNNode a:
  value: false
  parents: b e
  children: j m
  CPT: 0.001 0.29 0.94 0.95
BNNode j:
  value: false
  parents: a
  children: (none)
  CPT: 0.05 0.9
BNNode m:
  EVIDENCE
  value: true
  parents: a
  children: (none)
  CPT: 0.01 0.7
__________________________________
After iteration 2000000:
Variable, Average Conditional Probability, Fraction True
b, 0.001580453688830739, 0.003153
a, 0.4831695273504949, 0.9663795
j, 0.4357115053431103, 0.87149
__________________________________
After iteration 4000000:
Variable, Average Conditional Probability, Fraction True
b, 0.0015802370334085185, 0.00320575
a, 0.48315319068769635, 0.966244
j, 0.43565380888345595, 0.8713425
__________________________________
After iteration 6000000:
Variable, Average Conditional Probability, Fraction True
b, 0.0015803748128018027, 0.0031953333333333334
a, 0.4831597002817716, 0.9663301666666667
j, 0.4356903934568551, 0.871396
__________________________________
After iteration 8000000:
Variable, Average Conditional Probability, Fraction True
b, 0.0015803275774413888, 0.003207875
a, 0.4831509829375894, 0.966300625
j, 0.43567782013527573, 0.871325
__________________________________
After iteration 10000000:
Variable, Average Conditional Probability, Fraction True
b, 0.0015803783851393097, 0.0031955
a, 0.48315696265360053, 0.9663324
j, 0.4356913136455291, 0.8713752
